app/build/outputs/mapping/release/seeds.txt
com.tunes.player.ui.screens.ArtistScreenKt
com.tunes.player.ui.screens.PlaylistScreenKt$PlaylistScreen$2$3
com.tunes.player.ui.screens.DetailsScreenKt$DetailsScreen$1$1
com.tunes.player.activities.ComposableSingletons$MainActivityKt$lambda-4$1
com.tunes.player.ui.screens.HomeScreenKt$HomeScreen$1$1$1$invoke$$inlined$items$default$2
com.tunes.player.ui.screens.ComposableSingletons$HomeScreenKt
com.tunes.player.ui.screens.PlaylistsScreenKt$PlaylistsScreen$8$1
com.tunes.player.activities.MainActivity$MainContainer$1$1$1$1
com.tunes.player.ui.screens.PlaylistsScreenKt
com.tunes.player.ui.screens.PlaylistScreenKt$PlaylistScreen$3$2$1$1$1
com.tunes.player.ui.screens.AlbumScreenKt$AlbumScreen$1
com.tunes.player.playback.MediaNotificationManager$Companion
com.tunes.player.ui.screens.PlaylistScreenKt$AddTracksToPlaylistDialog$3$1$invoke$$inlined$itemsIndexed$default$2
com.tunes.player.ui.screens.PlaylistsScreenKt$RenamePlaylistDialog$2
com.tunes.player.GlideOptions
com.tunes.player.ui.screens.SearchScreenKt$SearchScreen$2
com.tunes.player.activities.MainActivity$MainContainer$1$1$1$2$1
com.tunes.player.ui.screens.PlaylistScreenKt$PlaylistScreen$3$3
com.tunes.player.ui.screens.ComposableSingletons$PlaylistsScreenKt$lambda-6$1
com.tunes.player.ui.screens.ComposableSingletons$PlaylistsScreenKt$lambda-2$1
com.tunes.player.ui.screens.AlbumScreenKt$AlbumScreen$2$1$1$invoke$$inlined$items$default$5
com.tunes.player.loaders.ArtistFetcher$fetchArtists$2$WhenMappings
com.tunes.player.ui.screens.ComposableSingletons$PlaylistsScreenKt$lambda-1$1
com.tunes.player.model.ArtistModel
com.tunes.player.ui.screens.LibraryScreenKt$LibraryScreen$2$1$invoke$$inlined$itemsIndexed$default$2
com.tunes.player.ui.screens.PlaylistsScreenKt$PlaylistsScreen$2$2$1$invoke$$inlined$items$default$2
com.tunes.player.loaders.TrackFetcherFromStorage$fetchTracks$2
com.tunes.player.ui.screens.PlaylistsScreenKt$PlaylistsScreen$5$1
com.tunes.player.ui.screens.ComposableSingletons$PlaylistScreenKt$lambda-3$1
com.tunes.player.ui.screens.SearchScreenKt$SearchScreen$1$4$1$1
com.tunes.player.ui.screens.NowPlayingScreenKt$NowPlayingScreen$10
com.tunes.player.ui.screens.DetailsScreenKt$DetailsScreen$2$1$1
com.tunes.player.TMS
com.tunes.player.ui.screens.PlaylistScreenKt$PlaylistTrackItem$1
com.tunes.player.ui.screens.LibraryScreenKt$TrackMenuBottomSheet$1$1$2$1
com.tunes.player.ui.screens.ComposableSingletons$PlaylistsScreenKt
com.tunes.player.ui.theme.ThemeKt$TunesTheme$2
com.tunes.player.R$color
com.tunes.player.ui.screens.HomeScreenKt$HomeScreen$1$invoke$$inlined$items$default$4
com.tunes.player.ui.screens.ComposableSingletons$LibraryScreenKt$lambda-6$1
com.tunes.player.ui.screens.ComposableSingletons$PlaylistsScreenKt$lambda-3$1
com.tunes.player.ui.screens.PlaylistsScreenKt$CreatePlaylistDialog$1
com.tunes.player.utils.PlaylistStorageManager$getRecentTracks$2
com.tunes.player.ui.screens.HomeScreenKt$HomeScreen$1$1$1$invoke$$inlined$items$default$3
com.tunes.player.ui.screens.HomeScreenKt$HomeScreen$1$1$1
com.tunes.player.R$style
com.tunes.player.manager.PlaylistManager
com.tunes.player.ui.screens.PlaylistsScreenKt$PlaylistsScreen$1$1
com.tunes.player.loaders.TrackFetcherFromStorage$Sort
com.tunes.player.ui.screens.LibraryScreenKt$LibraryTrackItem$2
com.tunes.player.utils.UserInfo
com.tunes.player.ui.screens.NowPlayingScreenKt$NowPlayingScreen$4$1
com.tunes.player.ui.screens.AlbumScreenKt
com.tunes.player.ui.screens.DetailsScreenKt$DetailsScreen$2$1$2$2
com.tunes.player.ui.screens.ComposableSingletons$SettingsScreenKt$lambda-7$1
com.tunes.player.ui.screens.PlaylistsScreenKt$PlaylistItem$2$1$3$1
com.tunes.player.ui.screens.PlaylistsScreenKt$DeletePlaylistDialog$2
com.tunes.player.activities.MainActivity$FloatingBottomNavigationBar$1$1$1$1
com.tunes.player.activities.MainActivity$onCreate$1$2$1$2$1
com.tunes.player.ui.screens.ComposableSingletons$NowPlayingScreenKt$lambda-10$1
com.tunes.player.ui.screens.ArtistScreenKt$ArtistGridItem$3
...
androidx.compose.material.icons.rounded.GestureKt
kotlin.PreconditionsKt
androidx.compose.material.icons.filled.PersonAddAlt1Kt
androidx.compose.material.icons.outlined.MailKt
androidx.compose.ui.input.key.KeyEventType$Companion
androidx.compose.material.icons.outlined.ChatKt
androidx.compose.material.icons.automirrored.twotone.MergeTypeKt
androidx.constraintlayout.solver.state.helpers.AlignHorizontallyReference
androidx.appcompat.widget.SearchView
androidx.compose.material.icons.filled.OutboundKt
androidx.compose.material.icons.filled.TheaterComedyKt
androidx.navigation.NavController$navigateInternal$1
androidx.compose.material3.ButtonKt$OutlinedButton$1
androidx.compose.material3.TimePickerKt$TimePickerTextField$1$1$1$1
androidx.compose.ui.platform.AndroidPlatformTextInputSession$startInputMethod$3
androidx.compose.animation.EnterExitTransitionModifierNode$measure$1
androidx.compose.ui.text.Placeholder
androidx.compose.material3.DateRangeInputKt$DateRangeInputContent$2$4$1
androidx.compose.material.icons.rounded.CloudSyncKt
androidx.compose.material.icons.sharp.PedalBikeKt
androidx.fragment.app.FragmentPagerAdapter
androidx.compose.material.icons.twotone.VideogameAssetKt
androidx.compose.foundation.text.input.internal.selection.AndroidTextFieldMagnifier_androidKt
androidx.compose.foundation.layout.OrientationIndependentConstraints
androidx.compose.foundation.text.HeightInLinesModifierKt$heightInLines$2
androidx.compose.material3.NavigationBarKt$NavigationBarItem$2$indicator$1
androidx.compose.foundation.layout.AlignmentLineOffsetDpElement
androidx.compose.material.icons.sharp.ViewWeekKt
androidx.compose.material3.adaptive.layout.HingePolicy
androidx.compose.material.icons.outlined.ContactlessKt
androidx.compose.material.icons.sharp.RouteKt
androidx.compose.foundation.pager.PagerSnapDistanceMaxPages
androidx.compose.foundation.gestures.DraggableElement$Companion
kotlin.jvm.Volatile
androidx.compose.material.icons.outlined.BungalowKt
androidx.recyclerview.widget.AsyncListDiffer$1$1
com.google.android.material.progressindicator.DrawingDelegate$ActiveIndicator
androidx.compose.ui.platform.InspectionModeKt$LocalInspectionMode$1
androidx.window.embedding.ActivityRule$Builder
androidx.compose.material.icons.rounded.ContentCopyKt
androidx.compose.material.icons.rounded.SlideshowKt
androidx.compose.ui.AtomicReference_jvmKt
androidx.compose.material.icons.rounded.AspectRatioKt
androidx.appcompat.widget.ActionMenuPresenter$SavedState
androidx.compose.foundation.text.BasicTextFieldDefaults
androidx.compose.material.icons.rounded.RedeemKt
androidx.emoji2.text.FontRequestEmojiCompatConfig$ExponentialBackoffRetryPolicy
android.support.v4.media.session.PlaybackStateCompat$ShuffleMode
androidx.compose.ui.window.AndroidPopup_androidKt
androidx.compose.material.icons.filled.AdjustKt
androidx.tracing.TraceApi29Impl
androidx.compose.foundation.text.selection.SingleSelectionLayout
androidx.compose.material3.carousel.StrategyKt$createShiftedKeylineListForContentPadding$newKeylines$1
androidx.transition.ChangeImageTransform$1
androidx.compose.foundation.text.selection.SelectionGesturesKt$touchSelectionFirstPress$dragCompletedWithUp$1
androidx.compose.material.icons.rounded.StickyNote2Kt
com.bumptech.glide.load.resource.bitmap.DefaultImageHeaderParser$Reader$EndOfFileException
androidx.documentfile.R
androidx.compose.material.icons.filled.CropDinKt
androidx.compose.material.icons.twotone.Crop75Kt
com.bumptech.glide.load.engine.cache.ExternalPreferredCacheDiskCacheFactory
androidx.compose.material.icons.twotone.FileDownloadKt
androidx.window.layout.adapter.sidecar.ExtensionInterfaceCompat$ExtensionCallbackInterface
androidx.compose.foundation.lazy.LazyListBeyondBoundsModifierKt
com.google.android.material.internal.FlowLayout
kotlinx.serialization.internal.EnumSerializer$descriptor$2
androidx.compose.ui.text.input.TextInputSession
kotlinx.coroutines.flow.FlowKt__ZipKt$combine$$inlined$combineUnsafe$FlowKt__ZipKt$2$2