app/build/outputs/mapping/release/usage.txt
com.tunes.player.BuildConfig:
    public static final java.lang.String APPLICATION_ID
    public static final java.lang.String BUILD_TYPE
    public static final boolean DEBUG
    public static final int VERSION_CODE
    public static final java.lang.String VERSION_NAME
com.tunes.player.GlideApp:
    public static void enableHardwareBitmaps()
    public static com.bumptech.glide.Glide get(android.content.Context)
    public static java.io.File getPhotoCacheDir(android.content.Context)
    public static java.io.File getPhotoCacheDir(android.content.Context,java.lang.String)
    public static void init(android.content.Context,com.bumptech.glide.GlideBuilder)
    public static void init(com.bumptech.glide.Glide)
    public static void isInitialized()
    public static void tearDown()
    public static com.tunes.player.GlideRequests with(android.app.Activity)
    public static com.tunes.player.GlideRequests with(android.app.Fragment)
    public static com.tunes.player.GlideRequests with(android.content.Context)
    public static com.tunes.player.GlideRequests with(android.view.View)
    public static com.tunes.player.GlideRequests with(androidx.fragment.app.Fragment)
    public static com.tunes.player.GlideRequests with(androidx.fragment.app.FragmentActivity)
com.tunes.player.GlideOptions:
    private static com.tunes.player.GlideOptions centerCropTransform2
    private static com.tunes.player.GlideOptions centerInsideTransform1
    private static com.tunes.player.GlideOptions circleCropTransform3
    private static com.tunes.player.GlideOptions fitCenterTransform0
    private static com.tunes.player.GlideOptions noAnimation5
    private static com.tunes.player.GlideOptions noTransformation4
    public static com.tunes.player.GlideOptions bitmapTransform(com.bumptech.glide.load.Transformation)
    public synthetic bridge com.bumptech.glide.request.BaseRequestOptions centerCrop()
    public com.tunes.player.GlideOptions centerCrop()
    public static com.tunes.player.GlideOptions centerCropTransform()
    public synthetic bridge com.bumptech.glide.request.BaseRequestOptions centerInside()
    public com.tunes.player.GlideOptions centerInside()
    public static com.tunes.player.GlideOptions centerInsideTransform()
    public synthetic bridge com.bumptech.glide.request.BaseRequestOptions circleCrop()
    public com.tunes.player.GlideOptions circleCrop()
    public static com.tunes.player.GlideOptions circleCropTransform()
    public static com.tunes.player.GlideOptions decodeTypeOf(java.lang.Class)
    public synthetic bridge com.bumptech.glide.request.BaseRequestOptions disallowHardwareConfig()
    public com.tunes.player.GlideOptions disallowHardwareConfig()
...
androidx.emoji2.viewsintegration.EmojiTextViewHelper$HelperInternal19:
    public final boolean isEnabled()
    public static void setEnabledUnsafe()
    public final void updateTransformationMethod()
androidx.emoji2.viewsintegration.EmojiTextViewHelper$HelperInternal:
    public boolean isEnabled()
androidx.emoji2.viewsintegration.EmojiTextViewHelper$SkippingHelper19:
    public final boolean isEnabled()
    public static boolean skipBecauseEmojiCompatNotInitialized()
androidx.emoji2.viewsintegration.EmojiTextViewHelper:
    public final boolean isEnabled()
androidx.emoji2.viewsintegration.EmojiTextWatcher:
    public int mEmojiReplaceStrategy
    public final boolean mExpectInitializedEmojiCompat
    public int mMaxEmojiCount
    public static void setEnabled()
androidx.emoji2.viewsintegration.EmojiTransformationMethod:
    public static android.text.method.TransformationMethod getOriginalTransformationMethod()
androidx.exifinterface.media.ExifInterface$1:
    public final synthetic androidx.exifinterface.media.ExifInterface this$0
androidx.exifinterface.media.ExifInterface$ByteOrderedDataInputStream:
    public static int position()
    public final long readUnsignedInt()
    public static void setByteOrder()
androidx.exifinterface.media.ExifInterface$ByteOrderedDataOutputStream:
    public final java.io.OutputStream mOutputStream
androidx.exifinterface.media.ExifInterface$ExifAttribute:
    public static androidx.exifinterface.media.ExifInterface$ExifAttribute createString(java.lang.String)
androidx.exifinterface.media.ExifInterface$ExifTag:
    public static boolean isFormatCompatible()
androidx.exifinterface.media.ExifInterface$Rational:
    public static double calculate()
androidx.exifinterface.media.ExifInterface:
    public static final int[] BITS_PER_SAMPLE_GREYSCALE_1
    public static final java.util.regex.Pattern DATETIME_PRIMARY_FORMAT_PATTERN
    public static final java.util.regex.Pattern DATETIME_SECONDARY_FORMAT_PATTERN
    public static final java.util.regex.Pattern GPS_TIMESTAMP_PATTERN
    public static final androidx.exifinterface.media.ExifInterface$ExifTag[] IFD_EXIF_TAGS
    public static final androidx.exifinterface.media.ExifInterface$ExifTag[] IFD_GPS_TAGS
    public static final androidx.exifinterface.media.ExifInterface$ExifTag[] IFD_INTEROPERABILITY_TAGS
    public static final androidx.exifinterface.media.ExifInterface$ExifTag[] IFD_THUMBNAIL_TAGS
    public static final androidx.exifinterface.media.ExifInterface$ExifTag[] IFD_TIFF_TAGS
    public static final java.util.regex.Pattern NON_ZERO_TIME_PATTERN
    public static final androidx.exifinterface.media.ExifInterface$ExifTag[] ORF_CAMERA_SETTINGS_TAGS
    public static final androidx.exifinterface.media.ExifInterface$ExifTag[] ORF_IMAGE_PROCESSING_TAGS
    public static final androidx.exifinterface.media.ExifInterface$ExifTag[] ORF_MAKER_NOTE_TAGS
    public static final androidx.exifinterface.media.ExifInterface$ExifTag[] PEF_TAGS
    public static final byte[] WEBP_CHUNK_TYPE_ANIM
    public static final byte[] WEBP_CHUNK_TYPE_ANMF
    public static final byte[] WEBP_CHUNK_TYPE_VP8
    public static final byte[] WEBP_CHUNK_TYPE_VP8L
androidx.exifinterface.media.ExifInterfaceUtils:
    public static boolean startsWith(byte[],byte[])
androidx.fragment.R$animator:
    public static int fragment_close_enter
    public static int fragment_close_exit
    public static int fragment_fade_enter
    public static int fragment_fade_exit
    public static int fragment_open_enter
    public static int fragment_open_exit
androidx.fragment.R$id:
    public static int fragment_container_view_tag
    public static int special_effects_controller_view_tag
    public static int visible_removing_fragment_view_tag